

AUTOCLASS C (version 3.3.6unx) STARTING at Mon Feb 27 02:31:16 2023 

AUTOCLASS -SEARCH default parameters:
rel_error=1.000000e-02; start_j_list=(2,3,5,7,10,15,25); n_classes_fn_type="random_ln_normal"; fixed_j=0; min_report_period=30; max_duration=0; max_n_tries=0; n_save=2; log_file_p=true; search_file_p=true; results_file_p=true; min_save_period=1800; max_n_store=10; n_final_summary=10; start_fn_type="random"; try_fn_type="converge_search_3"; initial_cycles_p=true; save_compact_p=true; read_compact_p=true; randomize_random_p=true; n_data=0; halt_range=5.000000e-01; halt_factor=1.000000e-04; rel_delta_range=2.500000e-03; n_average=3; cs4_delta_range=2.500000e-03; sigma_beta_n_values=6; max_cycles=200; converge_print_p=false; force_new_search_p=true; checkpoint_p=false; min_checkpoint_period=10800; reconverge_type=""; screen_output_p=true; interactive_p=true; break_on_warnings_p=true; free_storage_p=true

USER supplied parameters which override the defaults:
start_j_list=(2,3,5,7,10,15,25,35,45,55,65,75,85,95,105); max_duration=3600; max_n_tries=200; max_cycles=1000; force_new_search_p=true; screen_output_p=false; break_on_warnings_p=false


##############  Starting Input Check  ###############

To log file: 
   /home/hanwen/auto/autoclass.log
During loading of: 
   [1] /home/hanwen/auto/autoclass.db2,
   [2] /home/hanwen/auto/autoclass.hd2,
   [3] /home/hanwen/auto/autoclass.model.

   [Attribute #, value #, and datum # are zero based.]

ADVISORY[2]: data_file_format settings:
             separator_char = '	', comment_char = ';', unknown_token = '?'
ADVISORY[2]: read 10 attribute defs from 
             /home/hanwen/auto/autoclass.hd2
ADVISORY[1]: read 462 datum from 
             /home/hanwen/auto/autoclass.db2
ADVISORY[1]: discrete translations [ (internal external):count ... ] built 
             from input data --
   Attribute #9, "a5":
      [ (0 yes):192 (1 no):270 ]
ADVISORY[1]: real statistics [ min < (mean : std dev) < max ] built 
             from input data --
   Attribute #1, "a1":
      [  1.0100e+02 < ( 1.3833e+02 : 2.0474e+01) <  2.1800e+02 ]
   Attribute #2, "a2":
      [  0.0000e+00 < ( 3.6356e+00 : 4.5881e+00) <  3.1200e+01 ]
   Attribute #3, "a3":
      [  9.8000e-01 < ( 4.7403e+00 : 2.0687e+00) <  1.5330e+01 ]
   Attribute #4, "a4":
      [  6.7400e+00 < ( 2.5407e+01 : 7.7723e+00) <  4.2490e+01 ]
   Attribute #5, "a6":
      [  1.3000e+01 < ( 5.3104e+01 : 9.8069e+00) <  7.8000e+01 ]
   Attribute #6, "a7":
      [  1.4700e+01 < ( 2.6044e+01 : 4.2091e+00) <  4.6580e+01 ]
   Attribute #7, "a8":
      [  0.0000e+00 < ( 1.7044e+01 : 2.4455e+01) <  1.4719e+02 ]
   Attribute #8, "a9":
      [  1.5000e+01 < ( 4.2816e+01 : 1.4593e+01) <  6.4000e+01 ]
ADVISORY[3]: read 1 model def from 
             /home/hanwen/auto/autoclass.model
ADVISORY[2]: log_transform is being applied to attribute #1:
             "a1" and will be stored as attribute #10.
   Attribute #10, "Log a1":
      [  4.6151e+00 < ( 4.9195e+00 : 1.3990e-01) <  5.3845e+00 ]
ADVISORY[2]: log_transform is being applied to attribute #2:
             "a2" and will be stored as attribute #11.
   Attribute #11, "Log a2":
      [ -3.3144e+00 < (-2.2549e-02 : 2.1326e+00) <  3.4416e+00 ]
ADVISORY[2]: log_transform is being applied to attribute #3:
             "a3" and will be stored as attribute #12.
   Attribute #12, "Log a3":
      [ -2.0203e-02 < ( 1.4673e+00 : 4.2404e-01) <  2.7298e+00 ]
ADVISORY[2]: log_transform is being applied to attribute #4:
             "a4" and will be stored as attribute #13.
   Attribute #13, "Log a4":
      [  1.9081e+00 < ( 3.1790e+00 : 3.5333e-01) <  3.7493e+00 ]
ADVISORY[2]: log_transform is being applied to attribute #5:
             "a6" and will be stored as attribute #14.
   Attribute #14, "Log a6":
      [  2.5649e+00 < ( 3.9529e+00 : 2.0518e-01) <  4.3567e+00 ]
ADVISORY[2]: log_transform is being applied to attribute #6:
             "a7" and will be stored as attribute #15.
   Attribute #15, "Log a7":
      [  2.6878e+00 < ( 3.2473e+00 : 1.5689e-01) <  3.8412e+00 ]
ADVISORY[2]: log_transform is being applied to attribute #7:
             "a8" and will be stored as attribute #16.
   Attribute #16, "Log a8":
      [ -1.7693e+00 < ( 1.4246e+00 : 2.1218e+00) <  4.9929e+00 ]
ADVISORY[2]: log_transform is being applied to attribute #8:
             "a9" and will be stored as attribute #17.
   Attribute #17, "Log a9":
      [  2.7081e+00 < ( 3.6832e+00 : 4.1049e-01) <  4.1589e+00 ]

############ Input Check Concluded ##############

WELCOME TO AUTOCLASS.
  1) Each time I have finished a new 'trial', or attempt to find a good
     classification, I will print the number of classes that trial
     started and ended with, such as 9->7.
  2) If that trial results in a duplicate of a previous run, I will print
     'dup' first.
  3) If that trial results in a classification better than any previous, 
     I will print 'best' first.
  4) If more than 30 seconds have passed since the last report, and a new
     classification has been found which is better than any previous ones,
     I will report on that classification and on the status of the search
     so far.
  5) This report will include an estimate of the time it will take to find
     another even better classification, and how much better that will be.
     In addition, I will estimate a lower bound on how long it might take to
     find the very best classification, and how much better that might be.
  6) If you are warned about too much time in overhead, you may want to
     change the parameters n_save, min_save_period, min_report_period, or
     min_checkpoint_period.
  7) To quit searching, type a 'q', hit <return>, and wait.  Otherwise I'll
     go on until Mon Feb 27 03:31:16 2023.
  8) If needed, every 30 minutes I will save the best 2 classifications
     so far to file: 
     /home/hanwen/auto/autoclass.results-bin
     and a description of the search to file:
     /home/hanwen/auto/autoclass.search
  9) A record of this search will be printed to file:
     /home/hanwen/auto/autoclass.log

BEGINNING SEARCH at Mon Feb 27 02:31:16 2023

[j_in=2]  [cs-3: cycles 25] best2->2(1) [j_in=3]  [cs-3: cycles 21] best3->3(2) [j_in=5]  [cs-3: cycles 79] best5->5(3) [j_in=7]  [cs-3: cycles 67] best7->7(4) [j_in=10]  [cs-3: cycles 63] best10->9(5) [j_in=15]  [cs-3: cycles 63] 15->14(6) [j_in=25]  [cs-3: cycles 71] 25->22(7) [j_in=35]  [cs-3: cycles 158] 35->32(8) [j_in=45]  [cs-3: cycles 134] 45->37(9) [j_in=55]  [cs-3: cycles 76] 55->48(10) [j_in=65]  [cs-3: cycles 85] 65->54(11) [j_in=75]  [cs-3: cycles 107] 75->53(12) [j_in=85]  [cs-3: cycles 33] 85->63(13) [j_in=95]  [cs-3: cycles 84] 95->66(14) [j_in=105]  [cs-3: cycles 86] 105->64(15) [j_in=85]  [cs-3: cycles 40] 85->68(16) [j_in=80]  [cs-3: cycles 54] 80->62(17) [j_in=30]  [cs-3: cycles 78] 30->28(18) [j_in=50]  [cs-3: cycles 57] 50->46(19) [j_in=31]  [cs-3: cycles 64] 31->28(20) [j_in=45]  [cs-3: cycles 123] 45->41(21) [j_in=29]  [cs-3: cycles 87] 29->28(22) [j_in=17]  [cs-3: cycles 127] 17->17(23) [j_in=11]  [cs-3: cycles 146] 11->11(24) [j_in=11]  [cs-3: cycles 146] dup11->11(25) [j_in=11]  [cs-3: cycles 146] dup11->11(26) [j_in=11]  [cs-3: cycles 64] 11->11(27) [j_in=6]  [cs-3: cycles 25] 6->6(28) [j_in=26]  [cs-3: cycles 61] 26->25(29) [j_in=37]  [cs-3: cycles 48] 37->35(30) [j_in=6]  [cs-3: cycles 25] dup6->6(31) [j_in=29]  [cs-3: cycles 129] 29->28(32) [j_in=9]  [cs-3: cycles 95] 9->9(33) [j_in=26]  [cs-3: cycles 61] dup26->25(34) [j_in=35]  [cs-3: cycles 46] 35->34(35) [j_in=30]  [cs-3: cycles 44] 30->29(36) [j_in=23]  [cs-3: cycles 127] 23->22(37) [j_in=22]  [cs-3: cycles 71] 22->22(38) [j_in=13]  [cs-3: cycles 55] 13->13(39) [j_in=5]  [cs-3: cycles 59] 5->5(40) [j_in=32]  [cs-3: cycles 75] 32->31(41) [j_in=16]  [cs-3: cycles 87] 16->16(42) [j_in=15]  [cs-3: cycles 86] 15->15(43) [j_in=20]  [cs-3: cycles 60] 20->20(44) [j_in=18]  [cs-3: cycles 56] 18->18(45) [j_in=20]  [cs-3: cycles 60] dup20->20(46) [j_in=18]  [cs-3: cycles 56] dup18->18(47) [j_in=20]  [cs-3: cycles 60] dup20->20(48) [j_in=18]  [cs-3: cycles 56] dup18->18(49) [j_in=20]  [cs-3: cycles 60] dup20->20(50) [j_in=18]  [cs-3: cycles 47] 18->18(51) [j_in=13]  [cs-3: cycles 121] 13->13(52) [j_in=17]  [cs-3: cycles 79] 17->17(53) [j_in=16]  [cs-3: cycles 76] 16->16(54) [j_in=15]  [cs-3: cycles 112] 15->15(55) [j_in=17]  [cs-3: cycles 79] dup17->17(56) [j_in=15]  [cs-3: cycles 112] 15->15(57) [j_in=17]  [cs-3: cycles 79] dup17->17(58) [j_in=15]  [cs-3: cycles 112] 15->15(59) [j_in=17]  [cs-3: cycles 79] dup17->17(60) [j_in=15]  [cs-3: cycles 98] 15->15(61) [j_in=12]  [cs-3: cycles 44] 12->12(62) [j_in=12]  [cs-3: cycles 44] dup12->12(63) [j_in=12]  [cs-3: cycles 44] dup12->12(64) [j_in=12]  [cs-3: cycles 44] dup12->12(65) [j_in=12]  [cs-3: cycles 44] dup12->12(66) [j_in=12]  [cs-3: cycles 44] dup12->12(67) [j_in=12]  [cs-3: cycles 44] dup12->12(68) [j_in=12]  [cs-3: cycles 44] dup12->12(69) [j_in=12]  [cs-3: cycles 44] dup12->12(70) [j_in=12]  [cs-3: cycles 44] dup12->12(71) [j_in=12]  [cs-3: cycles 44] dup12->12(72) [j_in=12]  [cs-3: cycles 44] dup12->12(73) [j_in=12]  [cs-3: cycles 44] dup12->12(74) [j_in=12]  [cs-3: cycles 44] dup12->12(75) [j_in=12]  [cs-3: cycles 44] dup12->12(76) [j_in=12]  [cs-3: cycles 44] dup12->12(77) [j_in=12]  [cs-3: cycles 44] dup12->12(78) [j_in=12]  [cs-3: cycles 44] dup12->12(79) [j_in=12]  [cs-3: cycles 44] dup12->12(80) [j_in=12]  [cs-3: cycles 44] dup12->12(81) [j_in=12]  [cs-3: cycles 44] dup12->12(82) [j_in=12]  [cs-3: cycles 75] 12->12(83) [j_in=11]  [cs-3: cycles 59] 11->11(84) [j_in=16]  [cs-3: cycles 58] 16->16(85) [j_in=14]  [cs-3: cycles 106] 14->14(86) [j_in=21]  [cs-3: cycles 70] 21->21(87) [j_in=15]  [cs-3: cycles 43] 15->15(88) [j_in=15]  [cs-3: cycles 43] 15->15(89) [j_in=15]  [cs-3: cycles 43] 15->15(90) [j_in=15]  [cs-3: cycles 43] 15->15(91) [j_in=15]  [cs-3: cycles 43] 15->15(92) [j_in=15]  [cs-3: cycles 43] 15->15(93) [j_in=15]  [cs-3: cycles 43] 15->15(94) [j_in=15]  [cs-3: cycles 43] 15->15(95) [j_in=15]  [cs-3: cycles 43] 15->15(96) [j_in=15]  [cs-3: cycles 43] 15->15(97) [j_in=15]  [cs-3: cycles 43] 15->15(98) [j_in=15]  [cs-3: cycles 43] 15->15(99) [j_in=15]  [cs-3: cycles 113] 15->15(100) [j_in=12]  [cs-3: cycles 64] 12->12(101) [j_in=13]  [cs-3: cycles 109] 13->13(102) [j_in=17]  [cs-3: cycles 119] 17->17(103) [j_in=14]  [cs-3: cycles 49] 14->14(104) [j_in=9]  [cs-3: cycles 98] 9->9(105) [j_in=20]  [cs-3: cycles 50] 20->20(106) [j_in=15]  [cs-3: cycles 113] dup15->15(107) [j_in=10]  [cs-3: cycles 61] 10->10(108) [j_in=12]  [cs-3: cycles 64] dup12->12(109) [j_in=12]  [cs-3: cycles 64] dup12->12(110) [j_in=12]  [cs-3: cycles 64] dup12->12(111) [j_in=12]  [cs-3: cycles 76] 12->12(112) [j_in=13]  [cs-3: cycles 63] 13->13(113) [j_in=14]  [cs-3: cycles 71] 14->14(114) [j_in=15]  [cs-3: cycles 90] 15->14(115) [j_in=12]  [cs-3: cycles 76] dup12->12(116) [j_in=13]  [cs-3: cycles 63] dup13->13(117) [j_in=14]  [cs-3: cycles 71] 14->14(118) [j_in=15]  [cs-3: cycles 90] 15->14(119) [j_in=12]  [cs-3: cycles 76] dup12->12(120) [j_in=13]  [cs-3: cycles 63] dup13->13(121) [j_in=14]  [cs-3: cycles 71] 14->14(122) [j_in=15]  [cs-3: cycles 90] 15->14(123) [j_in=12]  [cs-3: cycles 76] dup12->12(124) [j_in=13]  [cs-3: cycles 63] dup13->13(125) [j_in=14]  [cs-3: cycles 52] 14->14(126) [j_in=12]  [cs-3: cycles 59] 12->12(127) [j_in=16]  [cs-3: cycles 52] 16->16(128) [j_in=15]  [cs-3: cycles 52] 15->15(129) [j_in=11]  [cs-3: cycles 62] 11->11(130) [j_in=19]  [cs-3: cycles 71] 19->19(131) [j_in=9]  [cs-3: cycles 69] 9->9(132) [j_in=13]  [cs-3: cycles 34] 13->13(133) [j_in=12]  [cs-3: cycles 59] 12->12(134) [j_in=16]  [cs-3: cycles 52] 16->16(135) [j_in=15]  [cs-3: cycles 52] 15->15(136) [j_in=11]  [cs-3: cycles 62] 11->11(137) [j_in=19]  [cs-3: cycles 71] 19->19(138) [j_in=9]  [cs-3: cycles 69] 9->9(139) [j_in=13]  [cs-3: cycles 34] 13->13(140) [j_in=12]  [cs-3: cycles 59] 12->12(141) [j_in=16]  [cs-3: cycles 52] 16->16(142) [j_in=15]  [cs-3: cycles 59] 15->15(143) [j_in=15]  [cs-3: cycles 59] 15->15(144) [j_in=15]  [cs-3: cycles 59] 15->15(145) [j_in=15]  [cs-3: cycles 59] 15->15(146) [j_in=15]  [cs-3: cycles 59] 15->15(147) [j_in=15]  [cs-3: cycles 59] 15->15(148) [j_in=15]  [cs-3: cycles 59] 15->15(149) [j_in=15]  [cs-3: cycles 59] 15->15(150) [j_in=15]  [cs-3: cycles 59] 15->15(151) [j_in=15]  [cs-3: cycles 59] 15->15(152) [j_in=15]  [cs-3: cycles 59] 15->15(153) [j_in=15]  [cs-3: cycles 59] 15->15(154) [j_in=15]  [cs-3: cycles 59] 15->15(155) [j_in=15]  [cs-3: cycles 59] 15->15(156) [j_in=15]  [cs-3: cycles 59] 15->15(157) [j_in=15]  [cs-3: cycles 59] 15->15(158) [j_in=15]  [cs-3: cycles 66] 15->15(159) [j_in=15]  [cs-3: cycles 66] 15->15(160) [j_in=15]  [cs-3: cycles 66] 15->15(161) [j_in=15]  [cs-3: cycles 66] 15->15(162) [j_in=15]  [cs-3: cycles 66] 15->15(163) [j_in=15]  [cs-3: cycles 66] 15->15(164) [j_in=15]  [cs-3: cycles 66] 15->15(165) [j_in=15]  [cs-3: cycles 66] 15->15(166) [j_in=15]  [cs-3: cycles 66] 15->15(167) [j_in=15]  [cs-3: cycles 66] 15->15(168) [j_in=15]  [cs-3: cycles 66] 15->15(169) [j_in=15]  [cs-3: cycles 66] 15->15(170) [j_in=15]  [cs-3: cycles 66] 15->15(171) [j_in=15]  [cs-3: cycles 66] 15->15(172) [j_in=15]  [cs-3: cycles 66] 15->15(173) [j_in=15]  [cs-3: cycles 169] 15->15(174) [j_in=15]  [cs-3: cycles 169] 15->15(175) [j_in=15]  [cs-3: cycles 169] 15->15(176) [j_in=15]  [cs-3: cycles 169] 15->15(177) [j_in=15]  [cs-3: cycles 169] 15->15(178) [j_in=15]  [cs-3: cycles 169] 15->15(179) [j_in=15]  [cs-3: cycles 47] 15->15(180) [j_in=11]  [cs-3: cycles 43] 11->11(181) [j_in=14]  [cs-3: cycles 47] 14->14(182) [j_in=9]  [cs-3: cycles 69] 9->9(183) [j_in=20]  [cs-3: cycles 69] 20->20(184) [j_in=14]  [cs-3: cycles 47] 14->14(185) [j_in=9]  [cs-3: cycles 69] 9->9(186) [j_in=20]  [cs-3: cycles 69] 20->20(187) [j_in=14]  [cs-3: cycles 47] 14->14(188) [j_in=9]  [cs-3: cycles 69] 9->9(189) [j_in=20]  [cs-3: cycles 69] 20->20(190) [j_in=14]  [cs-3: cycles 47] 14->14(191) [j_in=9]  [cs-3: cycles 69] 9->9(192) [j_in=20]  [cs-3: cycles 69] 20->20(193) [j_in=14]  [cs-3: cycles 47] 14->14(194) [j_in=9]  [cs-3: cycles 39] 9->9(195) [j_in=16]  [cs-3: cycles 81] 16->15(196) [j_in=17]  [cs-3: cycles 97] 17->17(197) [j_in=14]  [cs-3: cycles 70] 14->13(198) [j_in=16]  [cs-3: cycles 81] dup16->15(199) [j_in=16]  [cs-3: cycles 81] dup16->15(200) 


ENDING SEARCH because max number of tries reached at Mon Feb 27 02:31:32 2023
  after a total of 200 tries over 17 seconds
A log of this search is in file:
 /home/hanwen/auto/autoclass.log
The search results are stored in file:
 /home/hanwen/auto/autoclass.results-bin
This search can be restarted by having "force_new_search_p = false" in file:
 /home/hanwen/auto/autoclass.s-params
 and reinvoking the "autoclass -search ..." form

------------------  SUMMARY OF 10 BEST RESULTS  ------------------
PROBABILITY  exp(-18584.663) N_CLASSES   9 FOUND ON TRY    5 *SAVED*
PROBABILITY  exp(-18591.478) N_CLASSES  13 FOUND ON TRY   52 *SAVED*
PROBABILITY  exp(-18595.956) N_CLASSES  12 FOUND ON TRY  101 DUPS  3
PROBABILITY  exp(-18597.724) N_CLASSES  15 FOUND ON TRY  196 DUPS  2
PROBABILITY  exp(-18600.406) N_CLASSES  12 FOUND ON TRY  112 DUPS  3
PROBABILITY  exp(-18603.293) N_CLASSES  13 FOUND ON TRY  198
PROBABILITY  exp(-18614.840) N_CLASSES  15 FOUND ON TRY  100 DUPS  1
PROBABILITY  exp(-18615.231) N_CLASSES  11 FOUND ON TRY   24 DUPS  2
PROBABILITY  exp(-18626.765) N_CLASSES  13 FOUND ON TRY  113 DUPS  3
PROBABILITY  exp(-18627.175) N_CLASSES  13 FOUND ON TRY  102

------------------  SUMMARY OF TRY CONVERGENCE  ------------------
try    5    num_cycles   63    max_cycles 1000    convergent
try   52    num_cycles  121    max_cycles 1000    convergent
try  101    num_cycles   64    max_cycles 1000    convergent
try  196    num_cycles   81    max_cycles 1000    convergent
try  112    num_cycles   76    max_cycles 1000    convergent
try  198    num_cycles   70    max_cycles 1000    convergent
try  100    num_cycles  113    max_cycles 1000    convergent
try   24    num_cycles  146    max_cycles 1000    convergent
try  113    num_cycles   63    max_cycles 1000    convergent
try  102    num_cycles  109    max_cycles 1000    convergent

AUTOCLASS C (version 3.3.6unx) STOPPING at Mon Feb 27 02:31:32 2023 
