

AUTOCLASS C (version 3.3.6unx) STARTING at Mon Feb 27 03:16:39 2023 

AUTOCLASS -SEARCH default parameters:
rel_error=1.000000e-02; start_j_list=(2,3,5,7,10,15,25); n_classes_fn_type="random_ln_normal"; fixed_j=0; min_report_period=30; max_duration=0; max_n_tries=0; n_save=2; log_file_p=true; search_file_p=true; results_file_p=true; min_save_period=1800; max_n_store=10; n_final_summary=10; start_fn_type="random"; try_fn_type="converge_search_3"; initial_cycles_p=true; save_compact_p=true; read_compact_p=true; randomize_random_p=true; n_data=0; halt_range=5.000000e-01; halt_factor=1.000000e-04; rel_delta_range=2.500000e-03; n_average=3; cs4_delta_range=2.500000e-03; sigma_beta_n_values=6; max_cycles=200; converge_print_p=false; force_new_search_p=true; checkpoint_p=false; min_checkpoint_period=10800; reconverge_type=""; screen_output_p=true; interactive_p=true; break_on_warnings_p=true; free_storage_p=true

USER supplied parameters which override the defaults:
start_j_list=(2,3,5,7,10,15,25,35,45,55,65,75,85,95,105); max_duration=3600; max_n_tries=200; max_cycles=1000; force_new_search_p=true; screen_output_p=false; break_on_warnings_p=false


##############  Starting Input Check  ###############

To log file: 
   /home/hanwen/auto/autoclass.log
During loading of: 
   [1] /home/hanwen/auto/autoclass.db2,
   [2] /home/hanwen/auto/autoclass.hd2,
   [3] /home/hanwen/auto/autoclass.model.

   [Attribute #, value #, and datum # are zero based.]

ADVISORY[2]: data_file_format settings:
             separator_char = '	', comment_char = ';', unknown_token = '?'
ADVISORY[2]: read 16 attribute defs from 
             /home/hanwen/auto/autoclass.hd2
ADVISORY[1]: read 653 datum from 
             /home/hanwen/auto/autoclass.db2
ADVISORY[1]: discrete translations [ (internal external):count ... ] built 
             from input data --
   Attribute #6, "a1":
      [ (0 b):450 (1 a):203 ]
   Attribute #7, "a4":
      [ (0 u):499 (1 y):152 (2 l):2 ]
   Attribute #8, "a5":
      [ (0 g):499 (1 p):152 (2 gg):2 ]
   Attribute #9, "a6":
      [ (0 w):63 (1 q):75 (2 m):38 (3 r):3 (4 cc):40 (5 k):48 (6 c):133 (7 d):26 (8 x):36 (9 i):55 (10 e):24 (11 aa):52 (12 ff):50 (13 j):10 ]
   Attribute #10, "a7":
      [ (0 v):381 (1 h):137 (2 bb):53 (3 ff):54 (4 j):8 (5 z):8 (6 o):2 (7 dd):6 (8 n):4 ]
   Attribute #11, "a9":
      [ (0 t):349 (1 f):304 ]
   Attribute #12, "a10":
      [ (0 t):287 (1 f):366 ]
   Attribute #13, "a11":
      [ (0 1):69 (1 6):22 (2 0):366 (3 5):17 (4 7):16 (5 10):8 (6 3):27 (7 17):2 (8 2):42 (9 9):10 (10 8):10 (11 15):4 (12 11):19 (13 12):8 (14 40):1 (15 23):1 (16 4):15 (17 20):2 (18 67):1 (19 14):8 (20 16):3 (21 13):1 (22 19):1 ]
   Attribute #14, "a12":
      [ (0 f):351 (1 t):302 ]
   Attribute #15, "a13":
      [ (0 g):598 (1 s):53 (2 p):2 ]
ADVISORY[1]: real statistics [ min < (mean : std dev) < max ] built 
             from input data --
   Attribute #1, "a2":
      [  1.3750e+01 < ( 3.1504e+01 : 1.1829e+01) <  7.6750e+01 ]
   Attribute #2, "a3":
      [  0.0000e+00 < ( 4.8295e+00 : 5.0232e+00) <  2.8000e+01 ]
   Attribute #3, "a8":
      [  0.0000e+00 < ( 2.2443e+00 : 3.3685e+00) <  2.8500e+01 ]
   Attribute #4, "a14":
      [  0.0000e+00 < ( 1.8036e+02 : 1.6817e+02) <  2.0000e+03 ]
   Attribute #5, "a15":
      [  0.0000e+00 < ( 1.0138e+03 : 5.2493e+03) <  1.0000e+05 ]
ADVISORY[3]: read 1 model def from 
             /home/hanwen/auto/autoclass.model
ADVISORY[2]: log_transform is being applied to attribute #1:
             "a2" and will be stored as attribute #16.
   Attribute #16, "Log a2":
      [  2.6210e+00 < ( 3.3864e+00 : 3.5068e-01) <  4.3406e+00 ]
ADVISORY[2]: log_transform is being applied to attribute #2:
             "a3" and will be stored as attribute #17.
   Attribute #17, "Log a3":
      [ -3.0304e+00 < ( 9.2821e-01 : 1.3257e+00) <  3.3339e+00 ]
ADVISORY[2]: log_transform is being applied to attribute #3:
             "a8" and will be stored as attribute #18.
   Attribute #18, "Log a8":
      [ -3.7968e+00 < (-3.1023e-01 : 1.7716e+00) <  3.3507e+00 ]
ADVISORY[2]: log_transform is being applied to attribute #4:
             "a14" and will be stored as attribute #19.
   Attribute #19, "Log a14":
      [  5.8978e-01 < ( 4.3094e+00 : 1.9296e+00) <  7.6018e+00 ]
ADVISORY[2]: log_transform is being applied to attribute #5:
             "a15" and will be stored as attribute #20.
   Attribute #20, "Log a15":
      [  2.3163e+00 < ( 4.1483e+00 : 2.2247e+00) <  1.1513e+01 ]

############ Input Check Concluded ##############

WELCOME TO AUTOCLASS.
  1) Each time I have finished a new 'trial', or attempt to find a good
     classification, I will print the number of classes that trial
     started and ended with, such as 9->7.
  2) If that trial results in a duplicate of a previous run, I will print
     'dup' first.
  3) If that trial results in a classification better than any previous, 
     I will print 'best' first.
  4) If more than 30 seconds have passed since the last report, and a new
     classification has been found which is better than any previous ones,
     I will report on that classification and on the status of the search
     so far.
  5) This report will include an estimate of the time it will take to find
     another even better classification, and how much better that will be.
     In addition, I will estimate a lower bound on how long it might take to
     find the very best classification, and how much better that might be.
  6) If you are warned about too much time in overhead, you may want to
     change the parameters n_save, min_save_period, min_report_period, or
     min_checkpoint_period.
  7) To quit searching, type a 'q', hit <return>, and wait.  Otherwise I'll
     go on until Mon Feb 27 04:16:39 2023.
  8) If needed, every 30 minutes I will save the best 2 classifications
     so far to file: 
     /home/hanwen/auto/autoclass.results-bin
     and a description of the search to file:
     /home/hanwen/auto/autoclass.search
  9) A record of this search will be printed to file:
     /home/hanwen/auto/autoclass.log

BEGINNING SEARCH at Mon Feb 27 03:16:39 2023

[j_in=2]  [cs-3: cycles 25] best2->2(1) [j_in=3]  [cs-3: cycles 22] best3->3(2) [j_in=5]  [cs-3: cycles 41] best5->5(3) [j_in=7]  [cs-3: cycles 56] best7->7(4) [j_in=10]  [cs-3: cycles 53] 10->10(5) [j_in=15]  [cs-3: cycles 72] best15->15(6) [j_in=25]  [cs-3: cycles 134] 25->25(7) [j_in=35]  [cs-3: cycles 70] 35->35(8) [j_in=45]  [cs-3: cycles 62] 45->44(9) [j_in=55]  [cs-3: cycles 70] 55->52(10) [j_in=65]  [cs-3: cycles 82] 65->59(11) [j_in=75]  [cs-3: cycles 75] 75->68(12) [j_in=85]  [cs-3: cycles 62] 85->73(13) [j_in=95]  [cs-3: cycles 56] 95->78(14) [j_in=105]  [cs-3: cycles 62] 105->89(15) [j_in=22]  [cs-3: cycles 60] 22->22(16) [j_in=13]  [cs-3: cycles 95] 13->13(17) [j_in=11]  [cs-3: cycles 35] 11->11(18) [j_in=15]  [cs-3: cycles 68] 15->15(19) [j_in=22]  [cs-3: cycles 60] dup22->22(20) [j_in=12]  [cs-3: cycles 84] best12->12(21) [j_in=16]  [cs-3: cycles 138] 16->16(22) [j_in=16]  [cs-3: cycles 138] dup16->16(23) [j_in=16]  [cs-3: cycles 138] dup16->16(24) [j_in=16]  [cs-3: cycles 138] dup16->16(25) [j_in=16]  [cs-3: cycles 80] 16->16(26) [j_in=13]  [cs-3: cycles 69] best13->13(27) [j_in=9]  [cs-3: cycles 72] best9->9(28) [j_in=11]  [cs-3: cycles 124] 11->11(29) [j_in=19]  [cs-3: cycles 82] 19->19(30) [j_in=13]  [cs-3: cycles 69] dup13->13(31) [j_in=8]  [cs-3: cycles 62] 8->8(32) [j_in=10]  [cs-3: cycles 85] 10->10(33) [j_in=15]  [cs-3: cycles 91] 15->15(34) [j_in=16]  [cs-3: cycles 53] 16->16(35) [j_in=11]  [cs-3: cycles 45] 11->11(36) [j_in=16]  [cs-3: cycles 53] 16->16(37) [j_in=12]  [cs-3: cycles 40] 12->12(38) [j_in=16]  [cs-3: cycles 53] 16->16(39) [j_in=11]  [cs-3: cycles 45] dup11->11(40) [j_in=15]  [cs-3: cycles 45] 15->15(41) [j_in=11]  [cs-3: cycles 45] 11->11(42) [j_in=16]  [cs-3: cycles 53] 16->16(43) [j_in=12]  [cs-3: cycles 39] 12->12(44) [j_in=16]  [cs-3: cycles 53] 16->16(45) [j_in=12]  [cs-3: cycles 40] dup12->12(46) [j_in=16]  [cs-3: cycles 53] 16->16(47) [j_in=12]  [cs-3: cycles 82] 12->12(48) [j_in=9]  [cs-3: cycles 91] 9->9(49) [j_in=11]  [cs-3: cycles 47] 11->11(50) [j_in=10]  [cs-3: cycles 45] 10->10(51) [j_in=13]  [cs-3: cycles 44] 13->13(52) [j_in=11]  [cs-3: cycles 47] dup11->11(53) [j_in=10]  [cs-3: cycles 45] 10->10(54) [j_in=13]  [cs-3: cycles 44] dup13->13(55) [j_in=11]  [cs-3: cycles 47] dup11->11(56) [j_in=10]  [cs-3: cycles 45] 10->10(57) [j_in=13]  [cs-3: cycles 44] dup13->13(58) [j_in=11]  [cs-3: cycles 47] dup11->11(59) [j_in=10]  [cs-3: cycles 45] 10->10(60) [j_in=13]  [cs-3: cycles 44] dup13->13(61) [j_in=11]  [cs-3: cycles 47] dup11->11(62) [j_in=10]  [cs-3: cycles 46] 10->10(63) [j_in=10]  [cs-3: cycles 46] 10->10(64) [j_in=10]  [cs-3: cycles 46] 10->10(65) [j_in=10]  [cs-3: cycles 46] 10->10(66) [j_in=10]  [cs-3: cycles 46] 10->10(67) [j_in=10]  [cs-3: cycles 46] 10->10(68) [j_in=10]  [cs-3: cycles 46] 10->10(69) [j_in=10]  [cs-3: cycles 46] 10->10(70) [j_in=10]  [cs-3: cycles 46] 10->10(71) [j_in=10]  [cs-3: cycles 46] 10->10(72) [j_in=10]  [cs-3: cycles 46] 10->10(73) [j_in=10]  [cs-3: cycles 46] 10->10(74) [j_in=10]  [cs-3: cycles 46] 10->10(75) [j_in=10]  [cs-3: cycles 46] 10->10(76) [j_in=10]  [cs-3: cycles 46] 10->10(77) [j_in=10]  [cs-3: cycles 46] 10->10(78) [j_in=10]  [cs-3: cycles 143] 10->10(79) [j_in=9]  [cs-3: cycles 95] 9->9(80) [j_in=7]  [cs-3: cycles 38] 7->7(81) [j_in=11]  [cs-3: cycles 51] 11->11(82) [j_in=12]  [cs-3: cycles 79] 12->12(83) [j_in=11]  [cs-3: cycles 51] 11->11(84) [j_in=12]  [cs-3: cycles 79] 12->12(85) [j_in=11]  [cs-3: cycles 51] 11->11(86) [j_in=12]  [cs-3: cycles 79] 12->12(87) [j_in=11]  [cs-3: cycles 51] 11->11(88) [j_in=12]  [cs-3: cycles 79] 12->12(89) [j_in=11]  [cs-3: cycles 46] 11->11(90) [j_in=12]  [cs-3: cycles 45] 12->12(91) [j_in=12]  [cs-3: cycles 45] 12->12(92) [j_in=12]  [cs-3: cycles 45] 12->12(93) [j_in=12]  [cs-3: cycles 45] 12->12(94) [j_in=12]  [cs-3: cycles 45] 12->12(95) [j_in=12]  [cs-3: cycles 45] 12->12(96) [j_in=12]  [cs-3: cycles 45] 12->12(97) [j_in=12]  [cs-3: cycles 45] 12->12(98) [j_in=12]  [cs-3: cycles 45] 12->12(99) [j_in=12]  [cs-3: cycles 45] 12->12(100) [j_in=12]  [cs-3: cycles 45] 12->12(101) [j_in=12]  [cs-3: cycles 45] 12->12(102) [j_in=12]  [cs-3: cycles 45] 12->12(103) [j_in=12]  [cs-3: cycles 45] 12->12(104) [j_in=12]  [cs-3: cycles 96] 12->12(105) [j_in=12]  [cs-3: cycles 96] 12->12(106) [j_in=12]  [cs-3: cycles 96] 12->12(107) [j_in=12]  [cs-3: cycles 96] 12->12(108) [j_in=12]  [cs-3: cycles 96] 12->12(109) [j_in=12]  [cs-3: cycles 96] 12->12(110) [j_in=12]  [cs-3: cycles 96] 12->12(111) [j_in=12]  [cs-3: cycles 96] 12->12(112) [j_in=12]  [cs-3: cycles 69] 12->12(113) [j_in=9]  [cs-3: cycles 51] 9->9(114) [j_in=13]  [cs-3: cycles 130] 13->13(115) [j_in=11]  [cs-3: cycles 73] 11->11(116) [j_in=13]  [cs-3: cycles 130] dup13->13(117) [j_in=10]  [cs-3: cycles 47] 10->10(118) [j_in=13]  [cs-3: cycles 130] dup13->13(119) [j_in=10]  [cs-3: cycles 47] 10->10(120) [j_in=10]  [cs-3: cycles 47] 10->10(121) [j_in=10]  [cs-3: cycles 47] 10->10(122) [j_in=10]  [cs-3: cycles 47] 10->10(123) [j_in=10]  [cs-3: cycles 47] 10->10(124) [j_in=10]  [cs-3: cycles 47] 10->10(125) [j_in=10]  [cs-3: cycles 47] 10->10(126) [j_in=10]  [cs-3: cycles 47] 10->10(127) [j_in=10]  [cs-3: cycles 47] 10->10(128) [j_in=10]  [cs-3: cycles 47] 10->10(129) [j_in=10]  [cs-3: cycles 47] 10->10(130) [j_in=10]  [cs-3: cycles 47] 10->10(131) [j_in=10]  [cs-3: cycles 47] 10->10(132) [j_in=10]  [cs-3: cycles 47] 10->10(133) [j_in=10]  [cs-3: cycles 47] 10->10(134) [j_in=10]  [cs-3: cycles 88] 10->10(135) [j_in=12]  [cs-3: cycles 74] 12->12(136) [j_in=8]  [cs-3: cycles 99] 8->8(137) [j_in=11]  [cs-3: cycles 37] 11->11(138) [j_in=10]  [cs-3: cycles 88] 10->10(139) [j_in=12]  [cs-3: cycles 74] 12->12(140) [j_in=8]  [cs-3: cycles 99] 8->8(141) [j_in=11]  [cs-3: cycles 37] 11->11(142) [j_in=10]  [cs-3: cycles 88] 10->10(143) [j_in=12]  [cs-3: cycles 74] 12->12(144) [j_in=8]  [cs-3: cycles 99] 8->8(145) [j_in=11]  [cs-3: cycles 37] 11->11(146) [j_in=10]  [cs-3: cycles 54] 10->10(147) [j_in=13]  [cs-3: cycles 75] 13->13(148) [j_in=13]  [cs-3: cycles 75] 13->13(149) [j_in=13]  [cs-3: cycles 75] 13->13(150) [j_in=13]  [cs-3: cycles 75] 13->13(151) [j_in=13]  [cs-3: cycles 75] 13->13(152) [j_in=13]  [cs-3: cycles 75] 13->13(153) [j_in=13]  [cs-3: cycles 75] 13->13(154) [j_in=13]  [cs-3: cycles 75] 13->13(155) [j_in=13]  [cs-3: cycles 128] 13->13(156) [j_in=14]  [cs-3: cycles 115] 14->14(157) [j_in=11]  [cs-3: cycles 131] 11->11(158) [j_in=11]  [cs-3: cycles 131] 11->11(159) [j_in=11]  [cs-3: cycles 131] 11->11(160) [j_in=11]  [cs-3: cycles 131] 11->11(161) [j_in=11]  [cs-3: cycles 126] 11->11(162) [j_in=10]  [cs-3: cycles 117] 10->10(163) [j_in=13]  [cs-3: cycles 74] 13->13(164) [j_in=8]  [cs-3: cycles 65] 8->8(165) [j_in=15]  [cs-3: cycles 71] 15->15(166) [j_in=14]  [cs-3: cycles 49] 14->14(167) [j_in=8]  [cs-3: cycles 65] 8->8(168) [j_in=15]  [cs-3: cycles 71] 15->15(169) [j_in=14]  [cs-3: cycles 49] 14->14(170) [j_in=8]  [cs-3: cycles 65] 8->8(171) [j_in=15]  [cs-3: cycles 40] 15->15(172) [j_in=10]  [cs-3: cycles 63] 10->10(173) [j_in=11]  [cs-3: cycles 37] 11->11(174) [j_in=12]  [cs-3: cycles 60] 12->12(175) [j_in=9]  [cs-3: cycles 69] 9->9(176) [j_in=13]  [cs-3: cycles 41] 13->13(177) [j_in=8]  [cs-3: cycles 65] 8->8(178) [j_in=15]  [cs-3: cycles 40] 15->15(179) [j_in=10]  [cs-3: cycles 63] 10->10(180) [j_in=11]  [cs-3: cycles 37] 11->11(181) [j_in=12]  [cs-3: cycles 60] 12->12(182) [j_in=9]  [cs-3: cycles 69] 9->9(183) [j_in=13]  [cs-3: cycles 41] 13->13(184) [j_in=8]  [cs-3: cycles 65] 8->8(185) [j_in=15]  [cs-3: cycles 99] 15->15(186) [j_in=9]  [cs-3: cycles 50] 9->9(187) [j_in=11]  [cs-3: cycles 136] 11->11(188) [j_in=11]  [cs-3: cycles 136] 11->11(189) [j_in=11]  [cs-3: cycles 136] 11->11(190) [j_in=11]  [cs-3: cycles 136] 11->11(191) [j_in=11]  [cs-3: cycles 136] 11->11(192) [j_in=11]  [cs-3: cycles 42] 11->11(193) [j_in=11]  [cs-3: cycles 42] 11->11(194) [j_in=11]  [cs-3: cycles 42] 11->11(195) [j_in=11]  [cs-3: cycles 42] 11->11(196) [j_in=11]  [cs-3: cycles 42] 11->11(197) [j_in=11]  [cs-3: cycles 42] 11->11(198) [j_in=11]  [cs-3: cycles 42] 11->11(199) [j_in=11]  [cs-3: cycles 42] 11->11(200) 


ENDING SEARCH because max number of tries reached at Mon Feb 27 03:16:59 2023
  after a total of 200 tries over 21 seconds
A log of this search is in file:
 /home/hanwen/auto/autoclass.log
The search results are stored in file:
 /home/hanwen/auto/autoclass.results-bin
This search can be restarted by having "force_new_search_p = false" in file:
 /home/hanwen/auto/autoclass.s-params
 and reinvoking the "autoclass -search ..." form

------------------  SUMMARY OF 10 BEST RESULTS  ------------------
PROBABILITY  exp(-25068.071) N_CLASSES   9 FOUND ON TRY   28 *SAVED*
PROBABILITY  exp(-25075.898) N_CLASSES   8 FOUND ON TRY   32 *SAVED*
PROBABILITY  exp(-25096.938) N_CLASSES  13 FOUND ON TRY   52 DUPS  3
PROBABILITY  exp(-25102.021) N_CLASSES  10 FOUND ON TRY   33
PROBABILITY  exp(-25103.950) N_CLASSES  11 FOUND ON TRY   50 DUPS  4
PROBABILITY  exp(-25105.739) N_CLASSES  11 FOUND ON TRY   29
PROBABILITY  exp(-25142.808) N_CLASSES  11 FOUND ON TRY  116
PROBABILITY  exp(-25158.963) N_CLASSES  12 FOUND ON TRY   44
PROBABILITY  exp(-25159.016) N_CLASSES  12 FOUND ON TRY   38 DUPS  1
PROBABILITY  exp(-25164.084) N_CLASSES  13 FOUND ON TRY  115 DUPS  2

------------------  SUMMARY OF TRY CONVERGENCE  ------------------
try   28    num_cycles   72    max_cycles 1000    convergent
try   32    num_cycles   62    max_cycles 1000    convergent
try   52    num_cycles   44    max_cycles 1000    convergent
try   33    num_cycles   85    max_cycles 1000    convergent
try   50    num_cycles   47    max_cycles 1000    convergent
try   29    num_cycles  124    max_cycles 1000    convergent
try  116    num_cycles   73    max_cycles 1000    convergent
try   44    num_cycles   39    max_cycles 1000    convergent
try   38    num_cycles   40    max_cycles 1000    convergent
try  115    num_cycles  130    max_cycles 1000    convergent

AUTOCLASS C (version 3.3.6unx) STOPPING at Mon Feb 27 03:16:59 2023 
